This is pdfTeX, Version 3.1415926-2.5-1.40.14 (MiKTeX 2.9) (preloaded format=pdflatex 2014.9.4)  25 MAR 2015 09:49
entering extended mode
**K01_Research_Plan_Michael_Andreae.tex

("C:\Users\Michael Andreae\Dropbox\Professional\KL2\New K01\K01_Research_Plan\K
01_Research_Plan_Michael_Andreae.tex"
LaTeX2e <2011/06/27>
Babel <v3.8m> and hyphenation patterns for english, afrikaans, ancientgreek, ar
abic, armenian, assamese, basque, bengali, bokmal, bulgarian, catalan, coptic, 
croatian, czech, danish, dutch, esperanto, estonian, farsi, finnish, french, ga
lician, german, german-x-2013-05-26, greek, gujarati, hindi, hungarian, iceland
ic, indonesian, interlingua, irish, italian, kannada, kurmanji, latin, latvian,
 lithuanian, malayalam, marathi, mongolian, mongolianlmc, monogreek, ngerman, n
german-x-2013-05-26, nynorsk, oriya, panjabi, pinyin, polish, portuguese, roman
ian, russian, sanskrit, serbian, slovak, slovenian, spanish, swedish, swissgerm
an, tamil, telugu, turkish, turkmen, ukenglish, ukrainian, uppersorbian, usengl
ishmax, welsh, loaded.
("C:\Program Files (x86)\MiKTeX 2.9\tex\latex\base\article.cls"
Document Class: article 2014/09/29 v1.4h Standard LaTeX document class
("C:\Program Files (x86)\MiKTeX 2.9\tex\latex\base\size11.clo"
File: size11.clo 2014/09/29 v1.4h Standard LaTeX file (size option)
)
\c@part=\count79
\c@section=\count80
\c@subsection=\count81
\c@subsubsection=\count82
\c@paragraph=\count83
\c@subparagraph=\count84
\c@figure=\count85
\c@table=\count86
\abovecaptionskip=\skip41
\belowcaptionskip=\skip42
\bibindent=\dimen102
)
("C:\Program Files (x86)\MiKTeX 2.9\tex\latex\natbib\natbib.sty"
Package: natbib 2010/09/13 8.31b (PWD, AO)
\bibhang=\skip43
\bibsep=\skip44
LaTeX Info: Redefining \cite on input line 694.
\c@NAT@ctr=\count87
)
("C:\Program Files (x86)\MiKTeX 2.9\tex\latex\psnfss\palatino.sty"
Package: palatino 2005/04/12 PSNFSS-v9.2a (SPQR) 
)
("C:\Program Files (x86)\MiKTeX 2.9\tex\latex\base\fontenc.sty"
Package: fontenc 2005/09/27 v1.99g Standard LaTeX package

("C:\Program Files (x86)\MiKTeX 2.9\tex\latex\base\t1enc.def"
File: t1enc.def 2005/09/27 v1.99g Standard LaTeX file
LaTeX Font Info:    Redeclaring font encoding T1 on input line 43.
))
("C:\Program Files (x86)\MiKTeX 2.9\tex\latex\natbib\bibentry.sty"
Package: bibentry 2007/10/30 1.5 (PWD)
)
("C:\Program Files (x86)\MiKTeX 2.9\tex\latex\hyperref\hyperref.sty"
Package: hyperref 2012/11/06 v6.83m Hypertext links for LaTeX

("C:\Program Files (x86)\MiKTeX 2.9\tex\generic\oberdiek\hobsub-hyperref.sty"
Package: hobsub-hyperref 2012/04/25 v1.12 Bundle oberdiek, subset hyperref (HO)


("C:\Program Files (x86)\MiKTeX 2.9\tex\generic\oberdiek\hobsub-generic.sty"
Package: hobsub-generic 2012/04/25 v1.12 Bundle oberdiek, subset generic (HO)
Package: hobsub 2012/04/25 v1.12 Construct package bundles (HO)
Package: infwarerr 2010/04/08 v1.3 Providing info/warning/error messages (HO)
Package: ltxcmds 2011/11/09 v1.22 LaTeX kernel commands for general use (HO)
Package: ifluatex 2010/03/01 v1.3 Provides the ifluatex switch (HO)
Package ifluatex Info: LuaTeX not detected.
Package: ifvtex 2010/03/01 v1.5 Detect VTeX and its facilities (HO)
Package ifvtex Info: VTeX not detected.
Package: intcalc 2007/09/27 v1.1 Expandable calculations with integers (HO)
Package: ifpdf 2011/01/30 v2.3 Provides the ifpdf switch (HO)
Package ifpdf Info: pdfTeX in PDF mode is detected.
Package: etexcmds 2011/02/16 v1.5 Avoid name clashes with e-TeX commands (HO)
Package etexcmds Info: Could not find \expanded.
(etexcmds)             That can mean that you are not using pdfTeX 1.50 or
(etexcmds)             that some package has redefined \expanded.
(etexcmds)             In the latter case, load this package earlier.
Package: kvsetkeys 2012/04/25 v1.16 Key value parser (HO)
Package: kvdefinekeys 2011/04/07 v1.3 Define keys (HO)
Package: pdftexcmds 2011/11/29 v0.20 Utility functions of pdfTeX for LuaTeX (HO
)
Package pdftexcmds Info: LuaTeX not detected.
Package pdftexcmds Info: \pdf@primitive is available.
Package pdftexcmds Info: \pdf@ifprimitive is available.
Package pdftexcmds Info: \pdfdraftmode found.
Package: pdfescape 2011/11/25 v1.13 Implements pdfTeX's escape features (HO)
Package: bigintcalc 2012/04/08 v1.3 Expandable calculations on big integers (HO
)
Package: bitset 2011/01/30 v1.1 Handle bit-vector datatype (HO)
Package: uniquecounter 2011/01/30 v1.2 Provide unlimited unique counter (HO)
)
Package hobsub Info: Skipping package `hobsub' (already loaded).
Package: letltxmacro 2010/09/02 v1.4 Let assignment for LaTeX macros (HO)
Package: hopatch 2011/06/24 v1.1 Wrapper for package hooks (HO)
Package: xcolor-patch 2011/01/30 xcolor patch
Package: atveryend 2011/06/30 v1.8 Hooks at the very end of document (HO)
Package atveryend Info: \enddocument detected (standard20110627).
Package: atbegshi 2011/10/05 v1.16 At begin shipout hook (HO)
Package: refcount 2011/10/16 v3.4 Data extraction from label references (HO)
Package: hycolor 2011/01/30 v1.7 Color options for hyperref/bookmark (HO)
)
("C:\Program Files (x86)\MiKTeX 2.9\tex\latex\graphics\keyval.sty"
Package: keyval 2014/10/28 v1.15 key=value parser (DPC)
\KV@toks@=\toks14
)
("C:\Program Files (x86)\MiKTeX 2.9\tex\generic\ifxetex\ifxetex.sty"
Package: ifxetex 2010/09/12 v0.6 Provides ifxetex conditional
)
("C:\Program Files (x86)\MiKTeX 2.9\tex\latex\oberdiek\auxhook.sty"
Package: auxhook 2011/03/04 v1.3 Hooks for auxiliary files (HO)
)
("C:\Program Files (x86)\MiKTeX 2.9\tex\latex\oberdiek\kvoptions.sty"
Package: kvoptions 2011/06/30 v3.11 Key value format for package options (HO)
)
\@linkdim=\dimen103
\Hy@linkcounter=\count88
\Hy@pagecounter=\count89

("C:\Program Files (x86)\MiKTeX 2.9\tex\latex\hyperref\pd1enc.def"
File: pd1enc.def 2012/11/06 v6.83m Hyperref: PDFDocEncoding definition (HO)
)
\Hy@SavedSpaceFactor=\count90

("C:\Program Files (x86)\MiKTeX 2.9\tex\latex\00miktex\hyperref.cfg"
File: hyperref.cfg 2002/06/06 v1.2 hyperref configuration of TeXLive
)
Package hyperref Info: Hyper figures OFF on input line 4443.
Package hyperref Info: Link nesting OFF on input line 4448.
Package hyperref Info: Hyper index ON on input line 4451.
Package hyperref Info: Plain pages OFF on input line 4458.
Package hyperref Info: Backreferencing OFF on input line 4463.
Package hyperref Info: Implicit mode ON; LaTeX internals redefined.
Package hyperref Info: Bookmarks ON on input line 4688.
\c@Hy@tempcnt=\count91

("C:\Users\Michael Andreae\AppData\Roaming\MiKTeX\2.9\tex\latex\url\url.sty"
\Urlmuskip=\muskip10
Package: url 2013/09/16  ver 3.4  Verb mode for urls, etc.
)
LaTeX Info: Redefining \url on input line 5041.
\XeTeXLinkMargin=\dimen104
\Fld@menulength=\count92
\Field@Width=\dimen105
\Fld@charsize=\dimen106
Package hyperref Info: Hyper figures OFF on input line 6295.
Package hyperref Info: Link nesting OFF on input line 6300.
Package hyperref Info: Hyper index ON on input line 6303.
Package hyperref Info: backreferencing OFF on input line 6310.
Package hyperref Info: Link coloring OFF on input line 6315.
Package hyperref Info: Link coloring with OCG OFF on input line 6320.
Package hyperref Info: PDF/A mode OFF on input line 6325.
LaTeX Info: Redefining \ref on input line 6365.
LaTeX Info: Redefining \pageref on input line 6369.
\Hy@abspage=\count93
\c@Item=\count94
\c@Hfootnote=\count95
)

Package hyperref Message: Driver (autodetected): hpdftex.

("C:\Program Files (x86)\MiKTeX 2.9\tex\latex\hyperref\hpdftex.def"
File: hpdftex.def 2012/11/06 v6.83m Hyperref driver for pdfTeX
\Fld@listcount=\count96
\c@bookmark@seq@number=\count97

("C:\Program Files (x86)\MiKTeX 2.9\tex\latex\oberdiek\rerunfilecheck.sty"
Package: rerunfilecheck 2011/04/15 v1.7 Rerun checks for auxiliary files (HO)
Package uniquecounter Info: New unique counter `rerunfilecheck' on input line 2
82.
)
\Hy@SectionHShift=\skip45
)
("C:\Users\Michael Andreae\AppData\Roaming\MiKTeX\2.9\tex\latex\caption\caption
.sty"
Package: caption 2013/05/02 v3.3-89 Customizing captions (AR)

("C:\Users\Michael Andreae\AppData\Roaming\MiKTeX\2.9\tex\latex\caption\caption
3.sty"
Package: caption3 2013/05/02 v1.6-88 caption3 kernel (AR)
Package caption3 Info: TeX engine: e-TeX on input line 57.
\captionmargin=\dimen107
\captionmargin@=\dimen108
\captionwidth=\dimen109
\caption@tempdima=\dimen110
\caption@indent=\dimen111
\caption@parindent=\dimen112
\caption@hangindent=\dimen113
)
\c@ContinuedFloat=\count98
Package caption Info: hyperref package is loaded.
) ("C:\Program Files (x86)\MiKTeX 2.9\tex\latex\lipsum\lipsum.sty"
Package: lipsum 2014/07/27 v1.3 150 paragraphs of Lorem Ipsum dummy text
\c@lips@count=\count99
)
("C:\Program Files (x86)\MiKTeX 2.9\tex\latex\amsfonts\amsfonts.sty"
Package: amsfonts 2013/01/14 v3.01 Basic AMSFonts support
\@emptytoks=\toks15
\symAMSa=\mathgroup4
\symAMSb=\mathgroup5
LaTeX Font Info:    Overwriting math alphabet `\mathfrak' in version `bold'
(Font)                  U/euf/m/n --> U/euf/b/n on input line 106.
)
("C:\Program Files (x86)\MiKTeX 2.9\tex\latex\amsmath\amsmath.sty"
Package: amsmath 2013/01/14 v2.14 AMS math features
\@mathmargin=\skip46

For additional information on amsmath, use the `?' option.
("C:\Program Files (x86)\MiKTeX 2.9\tex\latex\amsmath\amstext.sty"
Package: amstext 2000/06/29 v2.01

("C:\Program Files (x86)\MiKTeX 2.9\tex\latex\amsmath\amsgen.sty"
File: amsgen.sty 1999/11/30 v2.0
\@emptytoks=\toks16
\ex@=\dimen114
))
("C:\Program Files (x86)\MiKTeX 2.9\tex\latex\amsmath\amsbsy.sty"
Package: amsbsy 1999/11/29 v1.2d
\pmbraise@=\dimen115
)
("C:\Program Files (x86)\MiKTeX 2.9\tex\latex\amsmath\amsopn.sty"
Package: amsopn 1999/12/14 v2.01 operator names
)
\inf@bad=\count100
LaTeX Info: Redefining \frac on input line 210.
\uproot@=\count101
\leftroot@=\count102
LaTeX Info: Redefining \overline on input line 306.
\classnum@=\count103
\DOTSCASE@=\count104
LaTeX Info: Redefining \ldots on input line 378.
LaTeX Info: Redefining \dots on input line 381.
LaTeX Info: Redefining \cdots on input line 466.
\Mathstrutbox@=\box26
\strutbox@=\box27
\big@size=\dimen116
LaTeX Font Info:    Redeclaring font encoding OML on input line 566.
LaTeX Font Info:    Redeclaring font encoding OMS on input line 567.
\macc@depth=\count105
\c@MaxMatrixCols=\count106
\dotsspace@=\muskip11
\c@parentequation=\count107
\dspbrk@lvl=\count108
\tag@help=\toks17
\row@=\count109
\column@=\count110
\maxfields@=\count111
\andhelp@=\toks18
\eqnshift@=\dimen117
\alignsep@=\dimen118
\tagshift@=\dimen119
\tagwidth@=\dimen120
\totwidth@=\dimen121
\lineht@=\dimen122
\@envbody=\toks19
\multlinegap=\skip47
\multlinetaggap=\skip48
\mathdisplay@stack=\toks20
LaTeX Info: Redefining \[ on input line 2665.
LaTeX Info: Redefining \] on input line 2666.
)
("C:\Program Files (x86)\MiKTeX 2.9\tex\latex\amscls\amsthm.sty"
Package: amsthm 2009/07/02 v2.20.1
\thm@style=\toks21
\thm@bodyfont=\toks22
\thm@headfont=\toks23
\thm@notefont=\toks24
\thm@headpunct=\toks25
\thm@preskip=\skip49
\thm@postskip=\skip50
\thm@headsep=\skip51
\dth@everypar=\toks26
)
("C:\Program Files (x86)\MiKTeX 2.9\tex\latex\amsfonts\amssymb.sty"
Package: amssymb 2013/01/14 v3.01 AMS font symbols
)
("C:\Program Files (x86)\MiKTeX 2.9\tex\latex\graphics\graphicx.sty"
Package: graphicx 2014/10/28 v1.0g Enhanced LaTeX Graphics (DPC,SPQR)

("C:\Program Files (x86)\MiKTeX 2.9\tex\latex\graphics\graphics.sty"
Package: graphics 2014/10/28 v1.0p Standard LaTeX Graphics (DPC,SPQR)

("C:\Program Files (x86)\MiKTeX 2.9\tex\latex\graphics\trig.sty"
Package: trig 1999/03/16 v1.09 sin cos tan (DPC)
)
("C:\Program Files (x86)\MiKTeX 2.9\tex\latex\00miktex\graphics.cfg"
File: graphics.cfg 2007/01/18 v1.5 graphics configuration of teTeX/TeXLive
)
Package graphics Info: Driver file: pdftex.def on input line 91.

("C:\Program Files (x86)\MiKTeX 2.9\tex\latex\pdftex-def\pdftex.def"
File: pdftex.def 2011/05/27 v0.06d Graphics/color for pdfTeX
\Gread@gobject=\count112
))
\Gin@req@height=\dimen123
\Gin@req@width=\dimen124
)
("C:\Users\Michael Andreae\AppData\Roaming\MiKTeX\2.9\tex\latex\booktabs\bookta
bs.sty"
Package: booktabs 2005/04/14 v1.61803 publication quality tables
\heavyrulewidth=\dimen125
\lightrulewidth=\dimen126
\cmidrulewidth=\dimen127
\belowrulesep=\dimen128
\belowbottomsep=\dimen129
\aboverulesep=\dimen130
\abovetopsep=\dimen131
\cmidrulesep=\dimen132
\cmidrulekern=\dimen133
\defaultaddspace=\dimen134
\@cmidla=\count113
\@cmidlb=\count114
\@aboverulesep=\dimen135
\@belowrulesep=\dimen136
\@thisruleclass=\count115
\@lastruleclass=\count116
\@thisrulewidth=\dimen137
) ("C:\Program Files (x86)\MiKTeX 2.9\tex\latex\wrapfig\wrapfig.sty"
\wrapoverhang=\dimen138
\WF@size=\dimen139
\c@WF@wrappedlines=\count117
\WF@box=\box28
\WF@everypar=\toks27
Package: wrapfig 2003/01/31  v 3.6
)
("C:\Program Files (x86)\MiKTeX 2.9\tex\latex\geometry\geometry.sty"
Package: geometry 2010/09/12 v5.6 Page Geometry
\Gm@cnth=\count118
\Gm@cntv=\count119
\c@Gm@tempcnt=\count120
\Gm@bindingoffset=\dimen140
\Gm@wd@mp=\dimen141
\Gm@odd@mp=\dimen142
\Gm@even@mp=\dimen143
\Gm@layoutwidth=\dimen144
\Gm@layoutheight=\dimen145
\Gm@layouthoffset=\dimen146
\Gm@layoutvoffset=\dimen147
\Gm@dimlist=\toks28

("C:\Program Files (x86)\MiKTeX 2.9\tex\latex\geometry\geometry.cfg"))
("C:\Program Files (x86)\MiKTeX 2.9\tex\latex\titlesec\titlesec.sty"
Package: titlesec 2011/12/15 v2.10.0 Sectioning titles
\ttl@box=\box29
\beforetitleunit=\skip52
\aftertitleunit=\skip53
\ttl@plus=\dimen148
\ttl@minus=\dimen149
\ttl@toksa=\toks29
\titlewidth=\dimen150
\titlewidthlast=\dimen151
\titlewidthfirst=\dimen152
)
("C:\Users\Michael Andreae\Dropbox\Professional\KL2\New K01\K01_Research_Plan\K
01_Research_Plan_Michael_Andreae.aux")
LaTeX Font Info:    Checking defaults for OML/cmm/m/it on input line 74.
LaTeX Font Info:    ... okay on input line 74.
LaTeX Font Info:    Checking defaults for T1/cmr/m/n on input line 74.
LaTeX Font Info:    ... okay on input line 74.
LaTeX Font Info:    Checking defaults for OT1/cmr/m/n on input line 74.
LaTeX Font Info:    ... okay on input line 74.
LaTeX Font Info:    Checking defaults for OMS/cmsy/m/n on input line 74.
LaTeX Font Info:    ... okay on input line 74.
LaTeX Font Info:    Checking defaults for OMX/cmex/m/n on input line 74.
LaTeX Font Info:    ... okay on input line 74.
LaTeX Font Info:    Checking defaults for U/cmr/m/n on input line 74.
LaTeX Font Info:    ... okay on input line 74.
LaTeX Font Info:    Checking defaults for PD1/pdf/m/n on input line 74.
LaTeX Font Info:    ... okay on input line 74.
LaTeX Font Info:    Try loading font information for T1+phv on input line 74.

("C:\Program Files (x86)\MiKTeX 2.9\tex\latex\psnfss\t1phv.fd"
File: t1phv.fd 2001/06/04 scalable font definitions for T1/phv.
)
\AtBeginShipoutBox=\box30
Package hyperref Info: Link coloring OFF on input line 74.

("C:\Program Files (x86)\MiKTeX 2.9\tex\latex\hyperref\nameref.sty"
Package: nameref 2012/10/27 v2.43 Cross-referencing by name of section

("C:\Program Files (x86)\MiKTeX 2.9\tex\generic\oberdiek\gettitlestring.sty"
Package: gettitlestring 2010/12/03 v1.4 Cleanup title references (HO)
)
\c@section@level=\count121
)
LaTeX Info: Redefining \ref on input line 74.
LaTeX Info: Redefining \pageref on input line 74.
LaTeX Info: Redefining \nameref on input line 74.

("C:\Users\Michael Andreae\Dropbox\Professional\KL2\New K01\K01_Research_Plan\K
01_Research_Plan_Michael_Andreae.out")
("C:\Users\Michael Andreae\Dropbox\Professional\KL2\New K01\K01_Research_Plan\K
01_Research_Plan_Michael_Andreae.out")
\@outlinefile=\write3
Package caption Info: Begin \AtBeginDocument code.
Package caption Info: wrapfig package is loaded.
Package caption Info: End \AtBeginDocument code.

("C:\Users\Michael Andreae\AppData\Roaming\MiKTeX\2.9\tex\context\base\supp-pdf
.mkii"
[Loading MPS to PDF converter (version 2006.09.02).]
\scratchcounter=\count122
\scratchdimen=\dimen153
\scratchbox=\box31
\nofMPsegments=\count123
\nofMParguments=\count124
\everyMPshowfont=\toks30
\MPscratchCnt=\count125
\MPscratchDim=\dimen154
\MPnumerator=\count126
\makeMPintoPDFobject=\count127
\everyMPtoPDFconversion=\toks31
)
*geometry* driver: auto-detecting
*geometry* detected driver: pdftex
*geometry* verbose mode - [ preamble ] result:
* driver: pdftex
* paper: <default>
* layout: <same size as paper>
* layoutoffset:(h,v)=(0.0pt,0.0pt)
* modes: 
* h-part:(L,W,R)=(36.135pt, 542.02501pt, 36.135pt)
* v-part:(T,H,B)=(36.135pt, 722.7pt, 36.135pt)
* \paperwidth=614.295pt
* \paperheight=794.96999pt
* \textwidth=542.02501pt
* \textheight=722.7pt
* \oddsidemargin=-36.135pt
* \evensidemargin=-36.135pt
* \topmargin=-73.135pt
* \headheight=12.0pt
* \headsep=25.0pt
* \topskip=11.0pt
* \footskip=30.0pt
* \marginparwidth=59.0pt
* \marginparsep=10.0pt
* \columnsep=10.0pt
* \skip\footins=10.0pt plus 4.0pt minus 2.0pt
* \hoffset=0.0pt
* \voffset=0.0pt
* \mag=1000
* \@twocolumnfalse
* \@twosidefalse
* \@mparswitchfalse
* \@reversemarginfalse
* (1in=72.27pt=25.4mm, 1cm=28.453pt)

LaTeX Font Info:    Font shape `T1/phv/bx/n' in size <14.4> not available
(Font)              Font shape `T1/phv/b/n' tried instead on input line 78.
LaTeX Font Info:    Font shape `T1/phv/bx/n' in size <12> not available
(Font)              Font shape `T1/phv/b/n' tried instead on input line 80.
<Figures/SOFA_fig.png, id=3, 270.7716pt x 196.5744pt>
File: Figures/SOFA_fig.png Graphic file (type png)

<use Figures/SOFA_fig.png>
Package pdftex.def Info: Figures/SOFA_fig.png used on input line 86.
(pdftex.def)             Requested size: 189.53882pt x 137.60114pt.

Overfull \hbox (18.8223pt too wide) in paragraph at lines 86--88
[][]
 []

LaTeX Font Info:    Try loading font information for U+msa on input line 88.
("C:\Program Files (x86)\MiKTeX 2.9\tex\latex\amsfonts\umsa.fd"
File: umsa.fd 2013/01/14 v3.01 AMS symbols A
)
LaTeX Font Info:    Try loading font information for U+msb on input line 88.

("C:\Program Files (x86)\MiKTeX 2.9\tex\latex\amsfonts\umsb.fd"
File: umsb.fd 2013/01/14 v3.01 AMS symbols B
)
LaTeX Font Info:    Font shape `T1/phv/m/it' in size <10.95> not available
(Font)              Font shape `T1/phv/m/sl' tried instead on input line 93.
LaTeX Font Info:    Font shape `T1/phv/bx/n' in size <9> not available
(Font)              Font shape `T1/phv/b/n' tried instead on input line 102.
LaTeX Font Info:    Font shape `T1/phv/m/it' in size <9> not available
(Font)              Font shape `T1/phv/m/sl' tried instead on input line 103.
LaTeX Font Info:    Font shape `T1/phv/m/it' in size <6> not available
(Font)              Font shape `T1/phv/m/sl' tried instead on input line 103.
LaTeX Font Info:    Font shape `T1/phv/bx/n' in size <10.95> not available
(Font)              Font shape `T1/phv/b/n' tried instead on input line 119.
 [1

{C:/Users/Michael Andreae/AppData/Local/MiKTeX/2.9/pdftex/config/pdftex.map} <C
:/Users/Michael Andreae/Dropbox/Professional/KL2/New K01/K01_Research_Plan/Figu
res/SOFA_fig.png>] <Figures/Distrogram.pdf, id=74, 796.9775pt x 597.23125pt>
File: Figures/Distrogram.pdf Graphic file (type pdf)

<use Figures/Distrogram.pdf>
Package pdftex.def Info: Figures/Distrogram.pdf used on input line 135.
(pdftex.def)             Requested size: 239.0951pt x 179.17075pt.

Overfull \hbox (11.47305pt too wide) in paragraph at lines 135--137
[][]
 []

<Figures/Bayesian_imputation.pdf, id=82, 686.565pt x 298.11375pt>
File: Figures/Bayesian_imputation.pdf Graphic file (type pdf)

<use Figures/Bayesian_imputation.pdf>
Package pdftex.def Info: Figures/Bayesian_imputation.pdf used on input line 149
.
(pdftex.def)             Requested size: 274.62112pt x 119.24338pt.
 [2 <C:/Users/Michael Andreae/Dropbox/Professional/KL2/New K01/K01_Research_Pla
n/Figures/Distrogram.pdf>] [3 <C:/Users/Michael Andreae/Dropbox/Professional/KL
2/New K01/K01_Research_Plan/Figures/Bayesian_imputation.pdf>]
Overfull \hbox (0.83214pt too wide) in paragraph at lines 178--179
[]  \T1/phv/b/n/10.95 The com-pu-ta-tional im-ple-men-ta-tion of Bayesian hi-er
-ar-chi-cal mod-els. \T1/phv/m/n/10.95 Bayesian in-fer-ence for multi-layered
 []


Overfull \hbox (11.03093pt too wide) in paragraph at lines 178--179
\T1/phv/m/n/10.95 mod-els can of-ten not be de-rived an-a-lyt-i-cally; in-stead
 we cal-cu-late nu-mer-i-cal ap-prox-i-ma-tions of the multi-dimensional
 []

<Figures/Hamiltonian.png, id=198, 177.66376pt x 256.70906pt>
File: Figures/Hamiltonian.png Graphic file (type png)

<use Figures/Hamiltonian.png>
Package pdftex.def Info: Figures/Hamiltonian.png used on input line 181.
(pdftex.def)             Requested size: 177.66331pt x 256.70842pt.

Overfull \hbox (15.05417pt too wide) in paragraph at lines 181--183
[][]
 []


Underfull \hbox (badness 1122) in paragraph at lines 183--183
\T1/phv/m/n/9 achieves faster con-ver-gence by us-ing
 []

[4 <C:/Users/Michael Andreae/Dropbox/Professional/KL2/New K01/K01_Research_Plan
/Figures/Hamiltonian.png>] [5]
<Figures/posteriorpredictivecheck.png, id=267, 830.35219pt x 432.86719pt>
File: Figures/posteriorpredictivecheck.png Graphic file (type png)

<use Figures/posteriorpredictivecheck.png>
Package pdftex.def Info: Figures/posteriorpredictivecheck.png used on input lin
e 274.
(pdftex.def)             Requested size: 166.06749pt x 86.5719pt.

Overfull \hbox (3.45834pt too wide) in paragraph at lines 274--275
[][] 
 []

[6] [7 <C:/Users/Michael Andreae/Dropbox/Professional/KL2/New K01/K01_Research_
Plan/Figures/posteriorpredictivecheck.png>]
<Figures/Timeline.pdf, id=332, 542.025pt x 93.951pt>
File: Figures/Timeline.pdf Graphic file (type pdf)

<use Figures/Timeline.pdf>
Package pdftex.def Info: Figures/Timeline.pdf used on input line 324.
(pdftex.def)             Requested size: 542.02367pt x 93.95078pt.

Overfull \hbox (3.98091pt too wide) in paragraph at lines 333--333
|\T1/phv/b/n/10.95 My re-search is well aligned with NIH fund-ing op-por-tu-ni-
ties, in-sti-tu-tional pri-or-i-ties and emerg-ing paradigms| 
 []

[8 <C:/Users/Michael Andreae/Dropbox/Professional/KL2/New K01/K01_Research_Plan
/Figures/Timeline.pdf>]
("C:\Users\Michael Andreae\Dropbox\Professional\KL2\New K01\K01_Research_Plan\K
01_Research_Plan_Michael_Andreae.bbl")
Package atveryend Info: Empty hook `BeforeClearDocument' on input line 349.
Package atveryend Info: Empty hook `AfterLastShipout' on input line 349.

("C:\Users\Michael Andreae\Dropbox\Professional\KL2\New K01\K01_Research_Plan\K
01_Research_Plan_Michael_Andreae.aux")
Package atveryend Info: Executing hook `AtVeryEndDocument' on input line 349.
Package atveryend Info: Executing hook `AtEndAfterFileList' on input line 349.
Package rerunfilecheck Info: File `K01_Research_Plan_Michael_Andreae.out' has n
ot changed.
(rerunfilecheck)             Checksum: D41D8CD98F00B204E9800998ECF8427E;0.
Package atveryend Info: Empty hook `AtVeryVeryEnd' on input line 349.
 ) 
Here is how much of TeX's memory you used:
 9013 strings out of 493921
 135513 string characters out of 3144847
 320357 words of memory out of 3000000
 12081 multiletter control sequences out of 15000+200000
 46247 words of font info for 66 fonts, out of 3000000 for 9000
 844 hyphenation exceptions out of 8191
 36i,11n,47p,2132b,409s stack positions out of 5000i,500n,10000p,200000b,50000s
pdfTeX warning (dest): name{cite.Vetter_24781579} has been referenced but doe
s not exist, replaced by a fixed one

pdfTeX warning (dest): name{cite.Goodnough_23706801} has been referenced but do
es not exist, replaced by a fixed one

pdfTeX warning (dest): name{cite.Cook_25714825} has been referenced but does no
t exist, replaced by a fixed one

pdfTeX warning (dest): name{cite.Sloan_15027501} has been referenced but does n
ot exist, replaced by a fixed one

pdfTeX warning (dest): name{cite.Huntington_16311133} has been referenced but d
oes not exist, replaced by a fixed one

pdfTeX warning (dest): name{cite.Congdon_modelcomparison_2005} has been referen
ced but does not exist, replaced by a fixed one

pdfTeX warning (dest): name{cite.wang_predictive_2014} has been referenced but 
does not exist, replaced by a fixed one

pdfTeX warning (dest): name{cite.Gelman_Aki_2014predictive} has been referenced
 but does not exist, replaced by a fixed one

pdfTeX warning (dest): name{cite.Vehtari_12396570} has been referenced but does
 not exist, replaced by a fixed one

pdfTeX warning (dest): name{cite.Newcombe_22890972} has been referenced but doe
s not exist, replaced by a fixed one

pdfTeX warning (dest): name{cite.DeLong_3203132} has been referenced but does n
ot exist, replaced by a fixed one

pdfTeX warning (dest): name{cite.Buja1999inference} has been referenced but doe
s not exist, replaced by a fixed one

pdfTeX warning (dest): name{cite.Gelman_predictive_2000} has been referenced bu
t does not exist, replaced by a fixed one

pdfTeX warning (dest): name{cite.GelmanMengStern1996} has been referenced but d
oes not exist, replaced by a fixed one

pdfTeX warning (dest): name{cite.Gelman2004posteriorpredictivechecks} has been 
referenced but does not exist, replaced by a fixed one

pdfTeX warning (dest): name{cite.shinystan-software:2015} has been referenced b
ut does not exist, replaced by a fixed one

pdfTeX warning (dest): name{cite.Weiss_21616996} has been referenced but does n
ot exist, replaced by a fixed one

pdfTeX warning (dest): name{cite.Likosky_20488928} has been referenced but does
 not exist, replaced by a fixed one

pdfTeX warning (dest): name{cite.Kenz_24892308} has been referenced but does no
t exist, replaced by a fixed one

pdfTeX warning (dest): name{cite.Tosh_21842618} has been referenced but does no
t exist, replaced by a fixed one

pdfTeX warning (dest): name{cite.Selby_22824225} has been referenced but does n
ot exist, replaced by a fixed one

pdfTeX warning (dest): name{cite.Glasgow_17150029} has been referenced but does
 not exist, replaced by a fixed one

pdfTeX warning (dest): name{cite.Mittman_15172904} has been referenced but does
 not exist, replaced by a fixed one

pdfTeX warning (dest): name{cite.Campbell_10987780} has been referenced but doe
s not exist, replaced by a fixed one

pdfTeX warning (dest): name{cite.Davis_7650822} has been referenced but does no
t exist, replaced by a fixed one

pdfTeX warning (dest): name{cite.Duncan_16710766} has been referenced but does 
not exist, replaced by a fixed one

pdfTeX warning (dest): name{cite.Homan_Gelman_NUTS_2014} has been referenced bu
t does not exist, replaced by a fixed one

pdfTeX warning (dest): name{cite.StanislawUlam_1949} has been referenced but do
es not exist, replaced by a fixed one

pdfTeX warning (dest): name{cite.Stan_Software_2014} has been referenced but do
es not exist, replaced by a fixed one

pdfTeX warning (dest): name{cite.Abrams_9483729} has been referenced but does n
ot exist, replaced by a fixed one

pdfTeX warning (dest): name{cite.Efron_Bayes_v_Freqentisit} has been referenced
 but does not exist, replaced by a fixed one

pdfTeX warning (dest): name{cite.Wagenmakers_Bayesian_v_Freq_2008} has been ref
erenced but does not exist, replaced by a fixed one

pdfTeX warning (dest): name{cite.Gelman_Cauchy_2006} has been referenced but do
es not exist, replaced by a fixed one

pdfTeX warning (dest): name{cite.Thomas_Bayes} has been referenced but does not
 exist, replaced by a fixed one

pdfTeX warning (dest): name{cite.Kruschke_Book_2014} has been referenced but do
es not exist, replaced by a fixed one

pdfTeX warning (dest): name{cite.Kruschke_22774788} has been referenced but doe
s not exist, replaced by a fixed one

pdfTeX warning (dest): name{cite.Wu_20473190} has been referenced but does not 
exist, replaced by a fixed one

pdfTeX warning (dest): name{cite.Ryynaenen_23496851} has been referenced but do
es not exist, replaced by a fixed one

pdfTeX warning (dest): name{cite.Himes_19261943} has been referenced but does n
ot exist, replaced by a fixed one

pdfTeX warning (dest): name{cite.Yoo_24987556} has been referenced but does not
 exist, replaced by a fixed one

pdfTeX warning (dest): name{cite.Efron_largescale_2013} has been referenced but
 does not exist, replaced by a fixed one

pdfTeX warning (dest): name{cite.Spiegelhalter_11134920} has been referenced bu
t does not exist, replaced by a fixed one

pdfTeX warning (dest): name{cite.Ashby_16947924} has been referenced but does n
ot exist, replaced by a fixed one

pdfTeX warning (dest): name{cite.Gelman_red_2009} has been referenced but does 
not exist, replaced by a fixed one

pdfTeX warning (dest): name{cite.Sutton_2012} has been referenced but does not 
exist, replaced by a fixed one

pdfTeX warning (dest): name{cite.Carlin_1349763} has been referenced but does n
ot exist, replaced by a fixed one

pdfTeX warning (dest): name{cite.Schafer_1997} has been referenced but does not
 exist, replaced by a fixed one

pdfTeX warning (dest): name{cite.Daniels_2008} has been referenced but does not
 exist, replaced by a fixed one

pdfTeX warning (dest): name{cite.Rubin_1996} has been referenced but does not e
xist, replaced by a fixed one

pdfTeX warning (dest): name{cite.Collins_11778676} has been referenced but does
 not exist, replaced by a fixed one

pdfTeX warning (dest): name{cite.Meng_1994} has been referenced but does not ex
ist, replaced by a fixed one

pdfTeX warning (dest): name{cite.Wang_20029935} has been referenced but does no
t exist, replaced by a fixed one

pdfTeX warning (dest): name{cite.Daniels24571539} has been referenced but does 
not exist, replaced by a fixed one

pdfTeX warning (dest): name{cite.Hall_25389642} has been referenced but does no
t exist, replaced by a fixed one

pdfTeX warning (dest): name{cite.Rubin_1976} has been referenced but does not e
xist, replaced by a fixed one

pdfTeX warning (dest): name{cite.Efron_Stein_1977} has been referenced but does
 not exist, replaced by a fixed one

pdfTeX warning (dest): name{cite.Stein_paradox_Scientific_American} has been re
ferenced but does not exist, replaced by a fixed one

pdfTeX warning (dest): name{cite.Gelman_multilevel_2006} has been referenced bu
t does not exist, replaced by a fixed one

pdfTeX warning (dest): name{cite.Gelman-Hill_2014} has been referenced but does
 not exist, replaced by a fixed one

pdfTeX warning (dest): name{cite.Efron_1975} has been referenced but does not e
xist, replaced by a fixed one

pdfTeX warning (dest): name{cite.Bafumi_Gelman_2007} has been referenced but do
es not exist, replaced by a fixed one

pdfTeX warning (dest): name{cite.Man_23272239} has been referenced but does not
 exist, replaced by a fixed one

pdfTeX warning (dest): name{cite.Dave_20819960} has been referenced but does no
t exist, replaced by a fixed one

pdfTeX warning (dest): name{cite.Smeeth_15602021} has been referenced but does 
not exist, replaced by a fixed one

pdfTeX warning (dest): name{cite.Welch24782349} has been referenced but does no
t exist, replaced by a fixed one

pdfTeX warning (dest): name{cite.Amarasingham20940649} has been referenced but 
does not exist, replaced by a fixed one

pdfTeX warning (dest): name{cite.Dean_19279318} has been referenced but does no
t exist, replaced by a fixed one

pdfTeX warning (dest): name{cite.Hebert_9971864} has been referenced but does n
ot exist, replaced by a fixed one

pdfTeX warning (dest): name{cite.Girard_18191684} has been referenced but does 
not exist, replaced by a fixed one

pdfTeX warning (dest): name{cite.Barr_23269131} has been referenced but does no
t exist, replaced by a fixed one

pdfTeX warning (dest): name{cite.Lim_19783532} has been referenced but does not
 exist, replaced by a fixed one

pdfTeX warning (dest): name{cite.Levy_23103175} has been referenced but does no
t exist, replaced by a fixed one

pdfTeX warning (dest): name{cite.Mitchell_20378235} has been referenced but doe
s not exist, replaced by a fixed one

pdfTeX warning (dest): name{cite.Rivers_12594312} has been referenced but does 
not exist, replaced by a fixed one

pdfTeX warning (dest): name{cite.Rivers_11794169} has been referenced but does 
not exist, replaced by a fixed one

pdfTeX warning (dest): name{cite.Naeem_16150531} has been referenced but does n
ot exist, replaced by a fixed one

pdfTeX warning (dest): name{cite.McQuillan_9632403} has been referenced but doe
s not exist, replaced by a fixed one

pdfTeX warning (dest): name{cite.Hillman_12415452} has been referenced but does
 not exist, replaced by a fixed one

pdfTeX warning (dest): name{cite.Herridge_12594312} has been referenced but doe
s not exist, replaced by a fixed one

pdfTeX warning (dest): name{cite.Rohde_23401431} has been referenced but does n
ot exist, replaced by a fixed one

pdfTeX warning (dest): name{cite.Ranieri_10872010} has been referenced but does
 not exist, replaced by a fixed one

pdfTeX warning (dest): name{cite.Wunsch_20639743} has been referenced but does 
not exist, replaced by a fixed one

pdfTeX warning (dest): name{cite.Yu_24970344} has been referenced but does not 
exist, replaced by a fixed one

{C:/Program Files (x86)/MiKTeX 2.9/fonts/enc/dvips/fontname/8r.enc}<C:/Program 
Files (x86)/MiKTeX 2.9/fonts/type1/public/amsfonts/cm/cmex10.pfb><C:/Program Fi
les (x86)/MiKTeX 2.9/fonts/type1/public/amsfonts/cm/cmmi10.pfb><C:/Program File
s (x86)/MiKTeX 2.9/fonts/type1/public/amsfonts/cm/cmmi6.pfb><C:/Program Files (
x86)/MiKTeX 2.9/fonts/type1/public/amsfonts/cm/cmmi8.pfb><C:/Program Files (x86
)/MiKTeX 2.9/fonts/type1/public/amsfonts/cm/cmmi9.pfb><C:/Program Files (x86)/M
iKTeX 2.9/fonts/type1/public/amsfonts/cm/cmr10.pfb><C:/Program Files (x86)/MiKT
eX 2.9/fonts/type1/public/amsfonts/cm/cmr6.pfb><C:/Program Files (x86)/MiKTeX 2
.9/fonts/type1/public/amsfonts/cm/cmr8.pfb><C:/Program Files (x86)/MiKTeX 2.9/f
onts/type1/public/amsfonts/cm/cmsy10.pfb><C:/Program Files (x86)/MiKTeX 2.9/fon
ts/type1/urw/helvetic/uhvb8a.pfb><C:/Program Files (x86)/MiKTeX 2.9/fonts/type1
/urw/helvetic/uhvr8a.pfb><C:/Program Files (x86)/MiKTeX 2.9/fonts/type1/urw/hel
vetic/uhvro8a.pfb>
Output written on K01_Research_Plan_Michael_Andreae.pdf (8 pages, 433271 bytes)
.
PDF statistics:
 420 PDF objects out of 1000 (max. 8388607)
 113 named destinations out of 1000 (max. 500000)
 31 words of extra memory for PDF output out of 10000 (max. 10000000)

