This is pdfTeX, Version 3.1415926-2.5-1.40.14 (MiKTeX 2.9) (preloaded format=pdflatex 2014.9.4)  11 MAR 2015 19:53
entering extended mode
**K01_Research_Plan_11Mar2015*revised*order*of*significance.tex

("C:\Users\Michael Andreae\Dropbox\Professional\KL2\New K08\K01_Research_Plan\K
01_Research_Plan_11Mar2015 revised order of significance.tex"
LaTeX2e <2011/06/27>
Babel <v3.8m> and hyphenation patterns for english, afrikaans, ancientgreek, ar
abic, armenian, assamese, basque, bengali, bokmal, bulgarian, catalan, coptic, 
croatian, czech, danish, dutch, esperanto, estonian, farsi, finnish, french, ga
lician, german, german-x-2013-05-26, greek, gujarati, hindi, hungarian, iceland
ic, indonesian, interlingua, irish, italian, kannada, kurmanji, latin, latvian,
 lithuanian, malayalam, marathi, mongolian, mongolianlmc, monogreek, ngerman, n
german-x-2013-05-26, nynorsk, oriya, panjabi, pinyin, polish, portuguese, roman
ian, russian, sanskrit, serbian, slovak, slovenian, spanish, swedish, swissgerm
an, tamil, telugu, turkish, turkmen, ukenglish, ukrainian, uppersorbian, usengl
ishmax, welsh, loaded.
("C:\Program Files (x86)\MiKTeX 2.9\tex\latex\base\article.cls"
Document Class: article 2014/09/29 v1.4h Standard LaTeX document class
("C:\Program Files (x86)\MiKTeX 2.9\tex\latex\base\size11.clo"
File: size11.clo 2014/09/29 v1.4h Standard LaTeX file (size option)
)
\c@part=\count79
\c@section=\count80
\c@subsection=\count81
\c@subsubsection=\count82
\c@paragraph=\count83
\c@subparagraph=\count84
\c@figure=\count85
\c@table=\count86
\abovecaptionskip=\skip41
\belowcaptionskip=\skip42
\bibindent=\dimen102
)
("C:\Program Files (x86)\MiKTeX 2.9\tex\latex\psnfss\palatino.sty"
Package: palatino 2005/04/12 PSNFSS-v9.2a (SPQR) 
)
("C:\Program Files (x86)\MiKTeX 2.9\tex\latex\base\fontenc.sty"
Package: fontenc 2005/09/27 v1.99g Standard LaTeX package

("C:\Program Files (x86)\MiKTeX 2.9\tex\latex\base\t1enc.def"
File: t1enc.def 2005/09/27 v1.99g Standard LaTeX file
LaTeX Font Info:    Redeclaring font encoding T1 on input line 43.
))
("C:\Program Files (x86)\MiKTeX 2.9\tex\latex\hyperref\hyperref.sty"
Package: hyperref 2012/11/06 v6.83m Hypertext links for LaTeX

("C:\Program Files (x86)\MiKTeX 2.9\tex\generic\oberdiek\hobsub-hyperref.sty"
Package: hobsub-hyperref 2012/04/25 v1.12 Bundle oberdiek, subset hyperref (HO)


("C:\Program Files (x86)\MiKTeX 2.9\tex\generic\oberdiek\hobsub-generic.sty"
Package: hobsub-generic 2012/04/25 v1.12 Bundle oberdiek, subset generic (HO)
Package: hobsub 2012/04/25 v1.12 Construct package bundles (HO)
Package: infwarerr 2010/04/08 v1.3 Providing info/warning/error messages (HO)
Package: ltxcmds 2011/11/09 v1.22 LaTeX kernel commands for general use (HO)
Package: ifluatex 2010/03/01 v1.3 Provides the ifluatex switch (HO)
Package ifluatex Info: LuaTeX not detected.
Package: ifvtex 2010/03/01 v1.5 Detect VTeX and its facilities (HO)
Package ifvtex Info: VTeX not detected.
Package: intcalc 2007/09/27 v1.1 Expandable calculations with integers (HO)
Package: ifpdf 2011/01/30 v2.3 Provides the ifpdf switch (HO)
Package ifpdf Info: pdfTeX in PDF mode is detected.
Package: etexcmds 2011/02/16 v1.5 Avoid name clashes with e-TeX commands (HO)
Package etexcmds Info: Could not find \expanded.
(etexcmds)             That can mean that you are not using pdfTeX 1.50 or
(etexcmds)             that some package has redefined \expanded.
(etexcmds)             In the latter case, load this package earlier.
Package: kvsetkeys 2012/04/25 v1.16 Key value parser (HO)
Package: kvdefinekeys 2011/04/07 v1.3 Define keys (HO)
Package: pdftexcmds 2011/11/29 v0.20 Utility functions of pdfTeX for LuaTeX (HO
)
Package pdftexcmds Info: LuaTeX not detected.
Package pdftexcmds Info: \pdf@primitive is available.
Package pdftexcmds Info: \pdf@ifprimitive is available.
Package pdftexcmds Info: \pdfdraftmode found.
Package: pdfescape 2011/11/25 v1.13 Implements pdfTeX's escape features (HO)
Package: bigintcalc 2012/04/08 v1.3 Expandable calculations on big integers (HO
)
Package: bitset 2011/01/30 v1.1 Handle bit-vector datatype (HO)
Package: uniquecounter 2011/01/30 v1.2 Provide unlimited unique counter (HO)
)
Package hobsub Info: Skipping package `hobsub' (already loaded).
Package: letltxmacro 2010/09/02 v1.4 Let assignment for LaTeX macros (HO)
Package: hopatch 2011/06/24 v1.1 Wrapper for package hooks (HO)
Package: xcolor-patch 2011/01/30 xcolor patch
Package: atveryend 2011/06/30 v1.8 Hooks at the very end of document (HO)
Package atveryend Info: \enddocument detected (standard20110627).
Package: atbegshi 2011/10/05 v1.16 At begin shipout hook (HO)
Package: refcount 2011/10/16 v3.4 Data extraction from label references (HO)
Package: hycolor 2011/01/30 v1.7 Color options for hyperref/bookmark (HO)
)
("C:\Program Files (x86)\MiKTeX 2.9\tex\latex\graphics\keyval.sty"
Package: keyval 2014/10/28 v1.15 key=value parser (DPC)
\KV@toks@=\toks14
)
("C:\Program Files (x86)\MiKTeX 2.9\tex\generic\ifxetex\ifxetex.sty"
Package: ifxetex 2010/09/12 v0.6 Provides ifxetex conditional
)
("C:\Program Files (x86)\MiKTeX 2.9\tex\latex\oberdiek\auxhook.sty"
Package: auxhook 2011/03/04 v1.3 Hooks for auxiliary files (HO)
)
("C:\Program Files (x86)\MiKTeX 2.9\tex\latex\oberdiek\kvoptions.sty"
Package: kvoptions 2011/06/30 v3.11 Key value format for package options (HO)
)
\@linkdim=\dimen103
\Hy@linkcounter=\count87
\Hy@pagecounter=\count88

("C:\Program Files (x86)\MiKTeX 2.9\tex\latex\hyperref\pd1enc.def"
File: pd1enc.def 2012/11/06 v6.83m Hyperref: PDFDocEncoding definition (HO)
)
\Hy@SavedSpaceFactor=\count89

("C:\Program Files (x86)\MiKTeX 2.9\tex\latex\00miktex\hyperref.cfg"
File: hyperref.cfg 2002/06/06 v1.2 hyperref configuration of TeXLive
)
Package hyperref Info: Hyper figures OFF on input line 4443.
Package hyperref Info: Link nesting OFF on input line 4448.
Package hyperref Info: Hyper index ON on input line 4451.
Package hyperref Info: Plain pages OFF on input line 4458.
Package hyperref Info: Backreferencing OFF on input line 4463.
Package hyperref Info: Implicit mode ON; LaTeX internals redefined.
Package hyperref Info: Bookmarks ON on input line 4688.
\c@Hy@tempcnt=\count90

("C:\Users\Michael Andreae\AppData\Roaming\MiKTeX\2.9\tex\latex\url\url.sty"
\Urlmuskip=\muskip10
Package: url 2013/09/16  ver 3.4  Verb mode for urls, etc.
)
LaTeX Info: Redefining \url on input line 5041.
\XeTeXLinkMargin=\dimen104
\Fld@menulength=\count91
\Field@Width=\dimen105
\Fld@charsize=\dimen106
Package hyperref Info: Hyper figures OFF on input line 6295.
Package hyperref Info: Link nesting OFF on input line 6300.
Package hyperref Info: Hyper index ON on input line 6303.
Package hyperref Info: backreferencing OFF on input line 6310.
Package hyperref Info: Link coloring OFF on input line 6315.
Package hyperref Info: Link coloring with OCG OFF on input line 6320.
Package hyperref Info: PDF/A mode OFF on input line 6325.
LaTeX Info: Redefining \ref on input line 6365.
LaTeX Info: Redefining \pageref on input line 6369.
\Hy@abspage=\count92
\c@Item=\count93
\c@Hfootnote=\count94
)

Package hyperref Message: Driver (autodetected): hpdftex.

("C:\Program Files (x86)\MiKTeX 2.9\tex\latex\hyperref\hpdftex.def"
File: hpdftex.def 2012/11/06 v6.83m Hyperref driver for pdfTeX
\Fld@listcount=\count95
\c@bookmark@seq@number=\count96

("C:\Program Files (x86)\MiKTeX 2.9\tex\latex\oberdiek\rerunfilecheck.sty"
Package: rerunfilecheck 2011/04/15 v1.7 Rerun checks for auxiliary files (HO)
Package uniquecounter Info: New unique counter `rerunfilecheck' on input line 2
82.
)
\Hy@SectionHShift=\skip43
)
("C:\Program Files (x86)\MiKTeX 2.9\tex\latex\lipsum\lipsum.sty"
Package: lipsum 2014/07/27 v1.3 150 paragraphs of Lorem Ipsum dummy text
\c@lips@count=\count97
)
("C:\Program Files (x86)\MiKTeX 2.9\tex\latex\amsfonts\amsfonts.sty"
Package: amsfonts 2013/01/14 v3.01 Basic AMSFonts support
\@emptytoks=\toks15
\symAMSa=\mathgroup4
\symAMSb=\mathgroup5
LaTeX Font Info:    Overwriting math alphabet `\mathfrak' in version `bold'
(Font)                  U/euf/m/n --> U/euf/b/n on input line 106.
)
("C:\Program Files (x86)\MiKTeX 2.9\tex\latex\amsmath\amsmath.sty"
Package: amsmath 2013/01/14 v2.14 AMS math features
\@mathmargin=\skip44

For additional information on amsmath, use the `?' option.
("C:\Program Files (x86)\MiKTeX 2.9\tex\latex\amsmath\amstext.sty"
Package: amstext 2000/06/29 v2.01

("C:\Program Files (x86)\MiKTeX 2.9\tex\latex\amsmath\amsgen.sty"
File: amsgen.sty 1999/11/30 v2.0
\@emptytoks=\toks16
\ex@=\dimen107
))
("C:\Program Files (x86)\MiKTeX 2.9\tex\latex\amsmath\amsbsy.sty"
Package: amsbsy 1999/11/29 v1.2d
\pmbraise@=\dimen108
)
("C:\Program Files (x86)\MiKTeX 2.9\tex\latex\amsmath\amsopn.sty"
Package: amsopn 1999/12/14 v2.01 operator names
)
\inf@bad=\count98
LaTeX Info: Redefining \frac on input line 210.
\uproot@=\count99
\leftroot@=\count100
LaTeX Info: Redefining \overline on input line 306.
\classnum@=\count101
\DOTSCASE@=\count102
LaTeX Info: Redefining \ldots on input line 378.
LaTeX Info: Redefining \dots on input line 381.
LaTeX Info: Redefining \cdots on input line 466.
\Mathstrutbox@=\box26
\strutbox@=\box27
\big@size=\dimen109
LaTeX Font Info:    Redeclaring font encoding OML on input line 566.
LaTeX Font Info:    Redeclaring font encoding OMS on input line 567.
\macc@depth=\count103
\c@MaxMatrixCols=\count104
\dotsspace@=\muskip11
\c@parentequation=\count105
\dspbrk@lvl=\count106
\tag@help=\toks17
\row@=\count107
\column@=\count108
\maxfields@=\count109
\andhelp@=\toks18
\eqnshift@=\dimen110
\alignsep@=\dimen111
\tagshift@=\dimen112
\tagwidth@=\dimen113
\totwidth@=\dimen114
\lineht@=\dimen115
\@envbody=\toks19
\multlinegap=\skip45
\multlinetaggap=\skip46
\mathdisplay@stack=\toks20
LaTeX Info: Redefining \[ on input line 2665.
LaTeX Info: Redefining \] on input line 2666.
)
("C:\Program Files (x86)\MiKTeX 2.9\tex\latex\amscls\amsthm.sty"
Package: amsthm 2009/07/02 v2.20.1
\thm@style=\toks21
\thm@bodyfont=\toks22
\thm@headfont=\toks23
\thm@notefont=\toks24
\thm@headpunct=\toks25
\thm@preskip=\skip47
\thm@postskip=\skip48
\thm@headsep=\skip49
\dth@everypar=\toks26
)
("C:\Program Files (x86)\MiKTeX 2.9\tex\latex\amsfonts\amssymb.sty"
Package: amssymb 2013/01/14 v3.01 AMS font symbols
)
("C:\Program Files (x86)\MiKTeX 2.9\tex\latex\graphics\graphicx.sty"
Package: graphicx 2014/10/28 v1.0g Enhanced LaTeX Graphics (DPC,SPQR)

("C:\Program Files (x86)\MiKTeX 2.9\tex\latex\graphics\graphics.sty"
Package: graphics 2014/10/28 v1.0p Standard LaTeX Graphics (DPC,SPQR)

("C:\Program Files (x86)\MiKTeX 2.9\tex\latex\graphics\trig.sty"
Package: trig 1999/03/16 v1.09 sin cos tan (DPC)
)
("C:\Program Files (x86)\MiKTeX 2.9\tex\latex\00miktex\graphics.cfg"
File: graphics.cfg 2007/01/18 v1.5 graphics configuration of teTeX/TeXLive
)
Package graphics Info: Driver file: pdftex.def on input line 91.

("C:\Program Files (x86)\MiKTeX 2.9\tex\latex\pdftex-def\pdftex.def"
File: pdftex.def 2011/05/27 v0.06d Graphics/color for pdfTeX
\Gread@gobject=\count110
))
\Gin@req@height=\dimen116
\Gin@req@width=\dimen117
)
("C:\Users\Michael Andreae\AppData\Roaming\MiKTeX\2.9\tex\latex\booktabs\bookta
bs.sty"
Package: booktabs 2005/04/14 v1.61803 publication quality tables
\heavyrulewidth=\dimen118
\lightrulewidth=\dimen119
\cmidrulewidth=\dimen120
\belowrulesep=\dimen121
\belowbottomsep=\dimen122
\aboverulesep=\dimen123
\abovetopsep=\dimen124
\cmidrulesep=\dimen125
\cmidrulekern=\dimen126
\defaultaddspace=\dimen127
\@cmidla=\count111
\@cmidlb=\count112
\@aboverulesep=\dimen128
\@belowrulesep=\dimen129
\@thisruleclass=\count113
\@lastruleclass=\count114
\@thisrulewidth=\dimen130
) ("C:\Program Files (x86)\MiKTeX 2.9\tex\latex\wrapfig\wrapfig.sty"
\wrapoverhang=\dimen131
\WF@size=\dimen132
\c@WF@wrappedlines=\count115
\WF@box=\box28
\WF@everypar=\toks27
Package: wrapfig 2003/01/31  v 3.6
)
("C:\Users\Michael Andreae\AppData\Roaming\MiKTeX\2.9\tex\latex\caption\caption
.sty"
Package: caption 2013/05/02 v3.3-89 Customizing captions (AR)

("C:\Users\Michael Andreae\AppData\Roaming\MiKTeX\2.9\tex\latex\caption\caption
3.sty"
Package: caption3 2013/05/02 v1.6-88 caption3 kernel (AR)
Package caption3 Info: TeX engine: e-TeX on input line 57.
\captionmargin=\dimen133
\captionmargin@=\dimen134
\captionwidth=\dimen135
\caption@tempdima=\dimen136
\caption@indent=\dimen137
\caption@parindent=\dimen138
\caption@hangindent=\dimen139
)
\c@ContinuedFloat=\count116
Package caption Info: hyperref package is loaded.
Package caption Info: wrapfig package is loaded.
) ("C:\Program Files (x86)\MiKTeX 2.9\tex\latex\geometry\geometry.sty"
Package: geometry 2010/09/12 v5.6 Page Geometry
\Gm@cnth=\count117
\Gm@cntv=\count118
\c@Gm@tempcnt=\count119
\Gm@bindingoffset=\dimen140
\Gm@wd@mp=\dimen141
\Gm@odd@mp=\dimen142
\Gm@even@mp=\dimen143
\Gm@layoutwidth=\dimen144
\Gm@layoutheight=\dimen145
\Gm@layouthoffset=\dimen146
\Gm@layoutvoffset=\dimen147
\Gm@dimlist=\toks28

("C:\Program Files (x86)\MiKTeX 2.9\tex\latex\geometry\geometry.cfg"))
("C:\Program Files (x86)\MiKTeX 2.9\tex\latex\titlesec\titlesec.sty"
Package: titlesec 2011/12/15 v2.10.0 Sectioning titles
\ttl@box=\box29
\beforetitleunit=\skip50
\aftertitleunit=\skip51
\ttl@plus=\dimen148
\ttl@minus=\dimen149
\ttl@toksa=\toks29
\titlewidth=\dimen150
\titlewidthlast=\dimen151
\titlewidthfirst=\dimen152
)
("C:\Users\Michael Andreae\Dropbox\Professional\KL2\New K08\K01_Research_Plan\K
01_Research_Plan_11Mar2015 revised order of significance.aux")
LaTeX Font Info:    Checking defaults for OML/cmm/m/it on input line 72.
LaTeX Font Info:    ... okay on input line 72.
LaTeX Font Info:    Checking defaults for T1/cmr/m/n on input line 72.
LaTeX Font Info:    ... okay on input line 72.
LaTeX Font Info:    Checking defaults for OT1/cmr/m/n on input line 72.
LaTeX Font Info:    ... okay on input line 72.
LaTeX Font Info:    Checking defaults for OMS/cmsy/m/n on input line 72.
LaTeX Font Info:    ... okay on input line 72.
LaTeX Font Info:    Checking defaults for OMX/cmex/m/n on input line 72.
LaTeX Font Info:    ... okay on input line 72.
LaTeX Font Info:    Checking defaults for U/cmr/m/n on input line 72.
LaTeX Font Info:    ... okay on input line 72.
LaTeX Font Info:    Checking defaults for PD1/pdf/m/n on input line 72.
LaTeX Font Info:    ... okay on input line 72.
LaTeX Font Info:    Try loading font information for T1+phv on input line 72.

("C:\Program Files (x86)\MiKTeX 2.9\tex\latex\psnfss\t1phv.fd"
File: t1phv.fd 2001/06/04 scalable font definitions for T1/phv.
)
\AtBeginShipoutBox=\box30
Package hyperref Info: Link coloring OFF on input line 72.

("C:\Program Files (x86)\MiKTeX 2.9\tex\latex\hyperref\nameref.sty"
Package: nameref 2012/10/27 v2.43 Cross-referencing by name of section

("C:\Program Files (x86)\MiKTeX 2.9\tex\generic\oberdiek\gettitlestring.sty"
Package: gettitlestring 2010/12/03 v1.4 Cleanup title references (HO)
)
\c@section@level=\count120
)
LaTeX Info: Redefining \ref on input line 72.
LaTeX Info: Redefining \pageref on input line 72.
LaTeX Info: Redefining \nameref on input line 72.

("C:\Users\Michael Andreae\Dropbox\Professional\KL2\New K08\K01_Research_Plan\K
01_Research_Plan_11Mar2015 revised order of significance.out")
("C:\Users\Michael Andreae\Dropbox\Professional\KL2\New K08\K01_Research_Plan\K
01_Research_Plan_11Mar2015 revised order of significance.out")
\@outlinefile=\write3

("C:\Users\Michael Andreae\AppData\Roaming\MiKTeX\2.9\tex\context\base\supp-pdf
.mkii"
[Loading MPS to PDF converter (version 2006.09.02).]
\scratchcounter=\count121
\scratchdimen=\dimen153
\scratchbox=\box31
\nofMPsegments=\count122
\nofMParguments=\count123
\everyMPshowfont=\toks30
\MPscratchCnt=\count124
\MPscratchDim=\dimen154
\MPnumerator=\count125
\makeMPintoPDFobject=\count126
\everyMPtoPDFconversion=\toks31
)
Package caption Info: Begin \AtBeginDocument code.
Package caption Info: End \AtBeginDocument code.

*geometry* driver: auto-detecting
*geometry* detected driver: pdftex
*geometry* verbose mode - [ preamble ] result:
* driver: pdftex
* paper: <default>
* layout: <same size as paper>
* layoutoffset:(h,v)=(0.0pt,0.0pt)
* modes: 
* h-part:(L,W,R)=(36.135pt, 542.02501pt, 36.135pt)
* v-part:(T,H,B)=(36.135pt, 722.7pt, 36.135pt)
* \paperwidth=614.295pt
* \paperheight=794.96999pt
* \textwidth=542.02501pt
* \textheight=722.7pt
* \oddsidemargin=-36.135pt
* \evensidemargin=-36.135pt
* \topmargin=-73.135pt
* \headheight=12.0pt
* \headsep=25.0pt
* \topskip=11.0pt
* \footskip=30.0pt
* \marginparwidth=59.0pt
* \marginparsep=10.0pt
* \columnsep=10.0pt
* \skip\footins=10.0pt plus 4.0pt minus 2.0pt
* \hoffset=0.0pt
* \voffset=0.0pt
* \mag=1000
* \@twocolumnfalse
* \@twosidefalse
* \@mparswitchfalse
* \@reversemarginfalse
* (1in=72.27pt=25.4mm, 1cm=28.453pt)

LaTeX Font Info:    Font shape `T1/phv/bx/n' in size <20.74> not available
(Font)              Font shape `T1/phv/b/n' tried instead on input line 78.
LaTeX Font Info:    Font shape `T1/phv/bx/n' in size <10.95> not available
(Font)              Font shape `T1/phv/b/n' tried instead on input line 80.
LaTeX Font Info:    Font shape `T1/phv/m/it' in size <10.95> not available
(Font)              Font shape `T1/phv/m/sl' tried instead on input line 87.
LaTeX Font Info:    Font shape `T1/phv/bx/n' in size <12> not available
(Font)              Font shape `T1/phv/b/n' tried instead on input line 90.

Overfull \hbox (0.5737pt too wide) in paragraph at lines 96--98
\T1/phv/b/n/10.95 SA 2b: \T1/phv/m/n/10.95 To in-ves-ti-gate pa-tient and provi
der char-ac-ter-is-tics as drivers of poor provider com-pli-ance in PROOFCheck,

 []

LaTeX Font Info:    Font shape `T1/phv/bx/n' in size <14.4> not available
(Font)              Font shape `T1/phv/b/n' tried instead on input line 105.
<Figures/SOFA_fig.png, id=3, 270.7716pt x 196.5744pt>
File: Figures/SOFA_fig.png Graphic file (type png)

<use Figures/SOFA_fig.png>
Package pdftex.def Info: Figures/SOFA_fig.png used on input line 111.
(pdftex.def)             Requested size: 189.53882pt x 137.60114pt.
LaTeX Font Info:    Font shape `T1/phv/bx/n' in size <9> not available
(Font)              Font shape `T1/phv/b/n' tried instead on input line 113.


LaTeX Warning: Citation `Yu_24970344' on page 1 undefined on input line 113.


LaTeX Warning: Citation `Yu_24970344' on page 1 undefined on input line 113.

[1

{C:/Users/Michael Andreae/AppData/Local/MiKTeX/2.9/pdftex/config/pdftex.map}]

LaTeX Warning: Citation `Wunsch_20639743' on page 2 undefined on input line 118
.


LaTeX Warning: Citation `Wunsch_20639743' on page 2 undefined on input line 118
.


LaTeX Warning: Citation `Ranieri_10872010' on page 2 undefined on input line 11
8.


Underfull \hbox (badness 1983) in paragraph at lines 118--119
\T1/phv/m/n/10.95 com-mon in hos-pi-tal-ized pa-tients, con-sum-ing a dis-pro-p
or-tion-ate
 []


LaTeX Warning: Citation `Rohde_23401431' on page 2 undefined on input line 120.



LaTeX Warning: Citation `Herridge_12594312' on page 2 undefined on input line 1
20.


LaTeX Warning: Citation `Yu_24970344' on page 2 undefined on input line 120.


LaTeX Warning: Citation `Hillman_12415452' on page 2 undefined on input line 12
0.


LaTeX Warning: Citation `McQuillan_9632403' on page 2 undefined on input line 1
20.


LaTeX Warning: Citation `Naeem_16150531' on page 2 undefined on input line 120.



LaTeX Warning: Citation `Rivers_11794169' on page 2 undefined on input line 120
.


LaTeX Warning: Citation `Rivers_12594312' on page 2 undefined on input line 120
.


LaTeX Warning: Citation `Mitchell_20378235' on page 2 undefined on input line 1
20.


LaTeX Warning: Citation `Dean_19279318' on page 2 undefined on input line 125.


LaTeX Warning: Citation `Amarasingham20940649' on page 2 undefined on input lin
e 125.


LaTeX Warning: Citation `Rivers_12594312' on page 2 undefined on input line 128
.

[2 <C:/Users/Michael Andreae/Dropbox/Professional/KL2/New K08/K01_Research_Plan
/Figures/SOFA_fig.png>]

LaTeX Warning: Citation `Bafumi_Gelman_2007' on page 3 undefined on input line 
135.

<Figures/Distrogram.pdf, id=23, 796.9775pt x 597.23125pt>
File: Figures/Distrogram.pdf Graphic file (type pdf)

<use Figures/Distrogram.pdf>
Package pdftex.def Info: Figures/Distrogram.pdf used on input line 139.
(pdftex.def)             Requested size: 239.0951pt x 179.17075pt.

Overfull \hbox (11.47305pt too wide) in paragraph at lines 139--141
[][]
 []

LaTeX Font Info:    Try loading font information for U+msa on input line 141.
("C:\Program Files (x86)\MiKTeX 2.9\tex\latex\amsfonts\umsa.fd"
File: umsa.fd 2013/01/14 v3.01 AMS symbols A
)
LaTeX Font Info:    Try loading font information for U+msb on input line 141.

("C:\Program Files (x86)\MiKTeX 2.9\tex\latex\amsfonts\umsb.fd"
File: umsb.fd 2013/01/14 v3.01 AMS symbols B
)

LaTeX Warning: Citation `Gelman-Hill_2014' on page 3 undefined on input line 14
7.


LaTeX Warning: Citation `Gelman_multilevel_2006' on page 3 undefined on input l
ine 147.


Underfull \hbox (badness 10000) in paragraph at lines 147--148

 []


LaTeX Warning: Citation `Rubin_1976' on page 3 undefined on input line 153.

[3 <C:/Users/Michael Andreae/Dropbox/Professional/KL2/New K08/K01_Research_Plan
/Figures/Distrogram.pdf>]

LaTeX Warning: Citation `Daniels24571539' on page 4 undefined on input line 155
.


LaTeX Warning: Citation `Wang_20029935' on page 4 undefined on input line 155.

<Figures/Bayesian_imputation.pdf, id=53, 686.565pt x 298.11375pt>
File: Figures/Bayesian_imputation.pdf Graphic file (type pdf)

<use Figures/Bayesian_imputation.pdf>
Package pdftex.def Info: Figures/Bayesian_imputation.pdf used on input line 159
.
(pdftex.def)             Requested size: 274.62112pt x 119.24338pt.


LaTeX Warning: Citation `Hall_25389642' on page 4 undefined on input line 161.


LaTeX Warning: Citation `Hall_25389642' on page 4 undefined on input line 161.


LaTeX Warning: Citation `Meng_1994' on page 4 undefined on input line 166.


LaTeX Warning: Citation `Collins_11778676' on page 4 undefined on input line 16
6.


LaTeX Warning: Citation `Rubin_1996' on page 4 undefined on input line 166.


LaTeX Warning: Citation `Daniels_2008' on page 4 undefined on input line 166.


LaTeX Warning: Citation `Schafer_1997' on page 4 undefined on input line 166.


LaTeX Warning: Citation `Hall_25389642' on page 4 undefined on input line 166.


Underfull \hbox (badness 1005) in paragraph at lines 166--167
\T1/phv/m/n/10.95 the miss-ing out-come is an emerg-ing ap-proach
 []


Underfull \hbox (badness 10000) in paragraph at lines 166--167

 []

<Figures/Thomas_Bayes.pdf, id=54, 867.24pt x 867.24pt>
File: Figures/Thomas_Bayes.pdf Graphic file (type pdf)

<use Figures/Thomas_Bayes.pdf>
Package pdftex.def Info: Figures/Thomas_Bayes.pdf used on input line 178.
(pdftex.def)             Requested size: 112.74515pt x 112.74515pt.

Overfull \hbox (4.6246pt too wide) in paragraph at lines 178--180
[][]
 []


LaTeX Warning: Citation `Thomas_Bayes' on page 4 undefined on input line 180.


LaTeX Warning: Citation `Thomas_Bayes' on page 4 undefined on input line 180.


Underfull \hbox (badness 1033) in paragraph at lines 180--180
\T1/phv/m/n/9 the Bayes The-o-rem []5[] in
 []

[4 <C:/Users/Michael Andreae/Dropbox/Professional/KL2/New K08/K01_Research_Plan
/Figures/Bayesian_imputation.pdf>]

LaTeX Warning: Citation `Carlin_1349763' on page 5 undefined on input line 186.



LaTeX Warning: Citation `Sutton_2012' on page 5 undefined on input line 186.


LaTeX Warning: Citation `Gelman_red_2009' on page 5 undefined on input line 186
.


LaTeX Warning: Citation `Thomas_Bayes' on page 5 undefined on input line 189.


LaTeX Warning: Citation `Ashby_16947924' on page 5 undefined on input line 189.



LaTeX Warning: Citation `Spiegelhalter_11134920' on page 5 undefined on input l
ine 189.


LaTeX Warning: Citation `Yoo_24987556' on page 5 undefined on input line 189.


LaTeX Warning: Citation `Kruschke_Book_2014' on page 5 undefined on input line 
193.


LaTeX Warning: Citation `Spiegelhalter_11134920' on page 5 undefined on input l
ine 193.


LaTeX Warning: Citation `Kruschke_22774788' on page 5 undefined on input line 1
93.

<Figures/BayesTheorem.jpg, id=80, 220.825pt x 141.52875pt>
File: Figures/BayesTheorem.jpg Graphic file (type jpg)

<use Figures/BayesTheorem.jpg>
Package pdftex.def Info: Figures/BayesTheorem.jpg used on input line 197.
(pdftex.def)             Requested size: 132.496pt x 84.9179pt.

Overfull \hbox (4.4586pt too wide) in paragraph at lines 197--199
[][]
 []


LaTeX Warning: Citation `Abrams_9483729' on page 5 undefined on input line 206.


<Figures/Hamiltonian.png, id=81, 177.66376pt x 256.70906pt>
File: Figures/Hamiltonian.png Graphic file (type png)

<use Figures/Hamiltonian.png>
Package pdftex.def Info: Figures/Hamiltonian.png used on input line 210.
(pdftex.def)             Requested size: 177.66331pt x 256.70842pt.


LaTeX Warning: Citation `Kruschke_Book_2014' on page 5 undefined on input line 
212.


LaTeX Warning: Citation `Kruschke_Book_2014' on page 5 undefined on input line 
212.


Underfull \hbox (badness 1400) in paragraph at lines 212--212
\T1/phv/m/n/9 panel il-lus-trates how ran-dom sam-ples are
 []


LaTeX Warning: Citation `Stan_Software_2014' on page 5 undefined on input line 
218.


LaTeX Warning: Citation `Gelman-Hill_2014' on page 5 undefined on input line 21
8.


LaTeX Warning: Citation `Stan_Software_2014' on page 5 undefined on input line 
218.


LaTeX Warning: Citation `Gelman-Hill_2014' on page 5 undefined on input line 21
8.


LaTeX Warning: Citation `Gelman-Hill_2014' on page 5 undefined on input line 21
8.


LaTeX Warning: Citation `Homan_Gelman_NUTS_2014' on page 5 undefined on input l
ine 218.


LaTeX Warning: Citation `Homan_Gelman_NUTS_2014' on page 5 undefined on input l
ine 218.


LaTeX Warning: Citation `Duncan_16710766' on page 5 undefined on input line 222
.


LaTeX Warning: Citation `Davis_7650822' on page 5 undefined on input line 222.


LaTeX Warning: Citation `Campbell_10987780' on page 5 undefined on input line 2
22.


LaTeX Warning: Citation `Mittman_15172904' on page 5 undefined on input line 22
2.


LaTeX Warning: Citation `Glasgow_17150029' on page 5 undefined on input line 22
2.

[5 <C:/Users/Michael Andreae/Dropbox/Professional/KL2/New K08/K01_Research_Plan
/Figures/Thomas_Bayes.pdf> <C:/Users/Michael Andreae/Dropbox/Professional/KL2/N
ew K08/K01_Research_Plan/Figures/BayesTheorem.jpg>]

LaTeX Warning: Citation `Selby_22824225' on page 6 undefined on input line 224.



LaTeX Warning: Citation `Tosh_21842618' on page 6 undefined on input line 224.


LaTeX Warning: Citation `Kenz_24892308' on page 6 undefined on input line 224.


LaTeX Warning: Citation `Hebert_9971864' on page 6 undefined on input line 224.



LaTeX Warning: Citation `Ranucci_22698773' on page 6 undefined on input line 22
4.


LaTeX Warning: Citation `ASA_25545654' on page 6 undefined on input line 224.


LaTeX Warning: Citation `Likosky_20488928' on page 6 undefined on input line 22
4.


LaTeX Warning: Citation `Weiss_21616996' on page 6 undefined on input line 224.


[6 <C:/Users/Michael Andreae/Dropbox/Professional/KL2/New K08/K01_Research_Plan
/Figures/Hamiltonian.png>]
Overfull \hbox (7.75365pt too wide) in paragraph at lines 252--264
 [] 
 []


LaTeX Warning: Citation `Herridge_12594312' on page 7 undefined on input line 2
76.

[7]

LaTeX Warning: Citation `Herridge_12594312' on page 8 undefined on input line 3
13.


LaTeX Warning: Citation `Rothenhaeusler_2005' on page 8 undefined on input line
 316.


LaTeX Warning: Citation `Rotte_15809512' on page 8 undefined on input line 316.



LaTeX Warning: Citation `shinystan-software:2015' on page 8 undefined on input 
line 319.


LaTeX Warning: Citation `Gelman2004posteriorpredictivechecks' on page 8 undefin
ed on input line 319.


LaTeX Warning: Citation `GelmanMengStern1996' on page 8 undefined on input line
 319.

[8]

LaTeX Warning: Citation `Gelman_predictive_2000' on page 9 undefined on input l
ine 327.


LaTeX Warning: Citation `shinystan-software:2015' on page 9 undefined on input 
line 327.


LaTeX Warning: Citation `Gelman-Hill_2014' on page 9 undefined on input line 32
7.


LaTeX Warning: Citation `Gelman_predictive_2000' on page 9 undefined on input l
ine 327.

<Figures/posteriorpredictivecheck.png, id=133, 830.35219pt x 432.86719pt>
File: Figures/posteriorpredictivecheck.png Graphic file (type png)

<use Figures/posteriorpredictivecheck.png>
Package pdftex.def Info: Figures/posteriorpredictivecheck.png used on input lin
e 331.
(pdftex.def)             Requested size: 174.3791pt x 90.90479pt.


LaTeX Warning: Citation `shinystan-software:2015' on page 9 undefined on input 
line 332.


LaTeX Warning: Citation `shinystan-software:2015' on page 9 undefined on input 
line 332.


Underfull \hbox (badness 1337) in paragraph at lines 332--332
\T1/phv/m/n/9 (shaded in blue) to the dis-tri-bu-tions of the
 []


LaTeX Warning: Citation `Gelman_predictive_2000' on page 9 undefined on input l
ine 337.


LaTeX Warning: Citation `GelmanMengStern1996' on page 9 undefined on input line
 337.


LaTeX Warning: Citation `Herridge_12594312' on page 9 undefined on input line 3
37.


LaTeX Warning: Citation `DeLong_3203132' on page 9 undefined on input line 337.



LaTeX Warning: Citation `Newcombe_22890972' on page 9 undefined on input line 3
37.


LaTeX Warning: Citation `Vehtari_12396570' on page 9 undefined on input line 33
7.


LaTeX Warning: Citation `Gelman_Aki_2014predictive' on page 9 undefined on inpu
t line 337.


LaTeX Warning: Citation `wang_predictive_2014' on page 9 undefined on input lin
e 337.


LaTeX Warning: Citation `Gelman_Aki_2014predictive' on page 9 undefined on inpu
t line 337.


LaTeX Warning: Citation `Gelman_predictive_2000' on page 9 undefined on input l
ine 337.


LaTeX Warning: Citation `GelmanMengStern1996' on page 9 undefined on input line
 337.


LaTeX Warning: Citation `Congdon_modelcomparison_2005' on page 9 undefined on i
nput line 337.


LaTeX Warning: Citation `GelmanMengStern1996' on page 9 undefined on input line
 338.

<Figures/Alert_trigger_fig.png, id=134, 335.75438pt x 228.855pt>
File: Figures/Alert_trigger_fig.png Graphic file (type png)

<use Figures/Alert_trigger_fig.png>
Package pdftex.def Info: Figures/Alert_trigger_fig.png used on input line 342.
(pdftex.def)             Requested size: 184.66547pt x 125.87062pt.


LaTeX Warning: Citation `Dean_19279318' on page 9 undefined on input line 352.

[9 <C:/Users/Michael Andreae/Dropbox/Professional/KL2/New K08/K01_Research_Plan
/Figures/posteriorpredictivecheck.png> <C:/Users/Michael Andreae/Dropbox/Profes
sional/KL2/New K08/K01_Research_Plan/Figures/Alert_trigger_fig.png>]

LaTeX Warning: Citation `Welch24782349' on page 10 undefined on input line 364.



LaTeX Warning: Citation `Huntington_16311133' on page 10 undefined on input lin
e 364.


LaTeX Warning: Citation `Sloan_15027501' on page 10 undefined on input line 364
.


LaTeX Warning: Citation `Gelman1998notasked' on page 10 undefined on input line
 364.

[10]

LaTeX Warning: Citation `Cook_25714825' on page 11 undefined on input line 381.



LaTeX Warning: Citation `Goodnough_23706801' on page 11 undefined on input line
 387.


LaTeX Warning: Citation `Andreae_23811426' on page 11 undefined on input line 3
99.


LaTeX Warning: Citation `Vetter_24781579' on page 11 undefined on input line 39
9.


LaTeX Warning: Citation `Kaushal_24821739' on page 11 undefined on input line 3
99.

[11] [12]
("C:\Users\Michael Andreae\Dropbox\Professional\KL2\New K08\K01_Research_Plan\K
01_Research_Plan_11Mar2015 revised order of significance.bbl" [13] [14]
[15] [16])
Package atveryend Info: Empty hook `BeforeClearDocument' on input line 413.
 [17]
Package atveryend Info: Empty hook `AfterLastShipout' on input line 413.

("C:\Users\Michael Andreae\Dropbox\Professional\KL2\New K08\K01_Research_Plan\K
01_Research_Plan_11Mar2015 revised order of significance.aux")
Package atveryend Info: Executing hook `AtVeryEndDocument' on input line 413.
Package atveryend Info: Executing hook `AtEndAfterFileList' on input line 413.
Package rerunfilecheck Info: File `K01_Research_Plan_11Mar2015*revised*order*of
*significance.out' has not changed.
(rerunfilecheck)             Checksum: <no file>.


LaTeX Warning: There were undefined references.


LaTeX Warning: Label(s) may have changed. Rerun to get cross-references right.

Package atveryend Info: Empty hook `AtVeryVeryEnd' on input line 413.
 ) 
Here is how much of TeX's memory you used:
 8410 strings out of 493921
 125108 string characters out of 3144847
 308707 words of memory out of 3000000
 11483 multiletter control sequences out of 15000+200000
 44681 words of font info for 65 fonts, out of 3000000 for 9000
 844 hyphenation exceptions out of 8191
 36i,11n,41p,2017b,429s stack positions out of 5000i,500n,10000p,200000b,50000s
{C:/Program Files (x86)/MiKTeX 2.9/fonts/enc/dvips/fontname/8r.enc}<C:/Progra
m Files (x86)/MiKTeX 2.9/fonts/type1/public/amsfonts/cm/cmex10.pfb><C:/Program 
Files (x86)/MiKTeX 2.9/fonts/type1/public/amsfonts/cm/cmmi10.pfb><C:/Program Fi
les (x86)/MiKTeX 2.9/fonts/type1/public/amsfonts/cm/cmmi8.pfb><C:/Program Files
 (x86)/MiKTeX 2.9/fonts/type1/public/amsfonts/cm/cmmi9.pfb><C:/Program Files (x
86)/MiKTeX 2.9/fonts/type1/public/amsfonts/cm/cmr10.pfb><C:/Program Files (x86)
/MiKTeX 2.9/fonts/type1/public/amsfonts/cm/cmr6.pfb><C:/Program Files (x86)/MiK
TeX 2.9/fonts/type1/public/amsfonts/cm/cmr8.pfb><C:/Program Files (x86)/MiKTeX 
2.9/fonts/type1/public/amsfonts/cm/cmr9.pfb><C:/Program Files (x86)/MiKTeX 2.9/
fonts/type1/public/amsfonts/cm/cmsy10.pfb><C:/Program Files (x86)/MiKTeX 2.9/fo
nts/type1/public/amsfonts/cm/cmsy9.pfb><C:/Program Files (x86)/MiKTeX 2.9/fonts
/type1/urw/helvetic/uhvb8a.pfb><C:/Program Files (x86)/MiKTeX 2.9/fonts/type1/u
rw/helvetic/uhvr8a.pfb><C:/Program Files (x86)/MiKTeX 2.9/fonts/type1/urw/helve
tic/uhvro8a.pfb>
Output written on "K01_Research_Plan_11Mar2015 revised order of significance.pd
f" (17 pages, 661194 bytes).
PDF statistics:
 323 PDF objects out of 1000 (max. 8388607)
 112 named destinations out of 1000 (max. 500000)
 41 words of extra memory for PDF output out of 10000 (max. 10000000)

